$[ 1563181741 - 1563181741 ]
$[ 1563181801 - 1563181799 ]
$[ 1563181861 - 1563181861 ]
$[ 1563181921 - 1563181921 ]
$[ 1563181981 - 1563181981 ]
$[ 1563182041 - 1563182031 ]
$[ 1563182101 - 1563182083 ]
$[ 1563182161 - 1563182083 ]
$[ 1563182221 - 1563182083 ]
$[ 1563182281 - 1563182083 ]
$[ 1563182341 - 1563182341 ]
$[ 1563182401 - 1563182401 ]
$[ 1563182461 - 1563182461 ]
$[ 1563182521 - 1563182521 ]
$[ 1563182581 - 1563182581 ]
$[ 1563182641 - 1563182640 ]
$[ 1563182701 - 1563182701 ]
$[ 1563182761 - 1563182761 ]
0
0
2
0
0
0
0
0
2
1
2
1
1
1
1
1
1
1
0
1
0
1
0
1
1
3
0
0
0
1
0
0
0
1
0
0
0
0
0
1
0
0
0
0
0
0
0
0
0
0
0
0
0
0
0
1
1
1
1
1
1
1
1
0
0
0
0
1
0
0
1
1
0
0
0
1
0
0
1
0
0
0
0
0
0
0
0
0
0
0
0
0
1
0
1
1
1
0
1
1
1
1
36
16
24
1
3
0
0
0
0
0
0
0
0
0
0
0
0
0
0
37
29
25
24
23
0
1
0
0
0
0
1
0
18
78
138
0
0
0
0
1
0
0
0
0
0
0
0
1
0
48
52
112
172
0
0
0
0
0
0
0
0
0
0
0
2
3
46
106
166
2
0
1
1
1
1
1
1
2
0
1
1
0
0
0
0
0
2
1
0
0
0
5
54
54
114
174
0
0
1
0
0
2
0
0
0
2
62
122
2
0
0
0
1
0
0
1
0
0
0
0
2
0
0
0
0
0
0
0
0
1
0
0
0
0
1
0
2
1
1
1
1
4
1
0
0
1
0
0
0
1
1
2
4
57
117
177
0
1
0
1
0
1
0
0
1
0
0
0
1
0
0
1
0
1
0
0
0
0
0
0
0
1
1
0
0
0
0
3
0
0
0
1
0
0
0
0
0
1
0
0
0
0
0
0
0
0
0
0
0
0
1
1
2
0
3
3
0
0
2
2
22
12
2
20
80
140
0
0
7
10
69
129
1
1
0
1
1
1
1
1
1
1
0
0
0
1
0
1
0
0
0
0
0
0
0
0
0
0
0
1
0
0
0
45
105
165
0
0
0
0
1
0
0
0
0
0
0
0
0
0
1
0
2
3
24
31
56
116
176
1
0
1
1
1
1
0
0
0
0
0
1
0
1
0
1
0
30
29
29
28
28
28
27
27
26
26
25
25
25
25
24
24
23
23
22
23
22
21
21
20
20
20
19
19
19
19
18
18
18
18
18
17
17
17
17
17
16
16
16
16
16
16
15
15
15
15
15
14
14
14
14
14
14
13
13
13
13
13
12
12
12
12
12
12
11
11
11
11
10
10
10
10
10
9
9
9
10
9
9
8
8
8
8
8
7
7
7
7
6
6
6
6
6
6
5
5
5
5
5
4
4
4
4
4
3
3
3
3
3
2
2
2
2
1
1
1
1
1
1
0
0
0
0
0
0
0
0
1
0
0
0
0
0
1
0
0
0
1
1
0
1
1
1
1
1
0
1
1
1
1
1
0
1
1
1
1
0
0
1
1
1
1
1
1
1
1
0
1
1
1
0
0
0
1
0
0
0
0
1
1
0
0
0
0
0
1
0
0
0
0
0
1
0
0
0
0
0
0
0
0
1
1
0
1
1
1
1
1
0
0
1
1
1
1
0
0
1
1
1
1
0
0
1
1
1
1
0
0
0
1
1
1
1
0
0
1
1
0
0
0
0
1
1
1
0
0
0
0
1
0
0
0
0
0
0
1
0
0
0
0
0
0
0
1
1
1
1
1
0
1
1
1
1
1
1
0
29
30
30
30
30
29
29
29
29
29
28
28
28
28
28
27
27
27
27
27
26
26
26
26
25
25
25
25
25
24
24
24
24
24
23
23
23
23
22
22
22
22
22
21
21
20
20
20
21
20
20
19
19
19
19
19
2
11
8
5
2
1
12
8
5
2
1
1
0
0
0
0
1
1
0
1
0
0
1
1
1
0
1
0
0
1
0
1
1
1
0
0
0
0
0
0
2
0
0
0
0
0
0
0
0
0
1
0
0
0
1
11
1
1
1
2
7
1
1
1
1
2
0
0
0
0
2
0
0
0
0
1
0
0
1
0
0
0
1
0
1
0
0
0
0
0
0
0
0
0
0
4
1
0
1
0
0
0
0
0
0
0
0
0
0
0
0
0
1
0
0
0
0
0
0
0
0
0
0
1
1
1
2
0
1
1
0
2
1
0
1
1
0
0
0
0
0
1
1
2
1
1
0
0
1
1
1
0
0
1
0
0
1
0
0
0
0
0
0
1
0
0
1
1
0
1
0
2
0
1
0
1
4
34
94
154
1
0
1
0
0
1
0
1
0
0
1
0
1
0
1
0
0
1
0
0
0
0
0
0
0
0
0
0
0
0
0
0
0
0
0
0
0
0
0
0
0
0
0
1
0
0
0
0
0
0
0
0
0
0
0
0
1
0
1
1
0
2
1
2
1
0
0
0
1
0
1
1
0
0
0
0
5
28
88
58
118
178
0
0
0
0
0
1
1
1
0
0
1
5
31
36
96
156
0
0
0
0
0
0
0
0
0
0
0
1
0
0
0
0
0
0
0
0
1
0
0
0
0
0
0
1
0
0
3
0
0
1
0
0
1
0
0
10
0
2
0
0
0
0
0
0
0
0
1
1
1
0
1
1
9
69
129
0
1
1
0
0
0
0
0
0
0
1
2
0
1
0
1
1
1
0
0
1
1
1
0
2
0
0
0
0
0
0
1
2
1
0
1
1
0
1
1
1
1
0
2
1
0
0
1
3
2
1
0
4
0
0
3
63
123
0
1
0
0
0
1
1
6
1
0
7
3
11
1
9
0
7
6
19
7
8
1
2
1
0
0
1
0
1
0
0
1
1
0
15
75
135
12
0
1
1
1
0
1
1
0
0
0
2
0
0
1
0
1
0
0
3
0
0
1
1
1
3
1
2
1
0
2
2
1
1
0
1
1
1
0
1
1
1
1
1
0
0
2
5
0
0
0
1
2
0
1
0
0
3
0
0
0
1
0
0
1
0
0
0
1
0
0
0
1
1
0
1
1
1
2
1
1
1
1
6
1
0
0
1
1
0
1
1
1
0
0
0
0
1
1
0
1
2
2
1
1
0
1
0
1
2
0
1
0
0
3
0
0
0
0
1
0
16
0
1
3
0
0
0
0
1
0
1
1
0
0
0
1
0
0
0
1
4
0
1
4
0
1
0
0
0
0
0
1
1
1
1
0
0
0
1
0
1
0
0
0
0
0
0
0
0
1
0
0
0
0
0
0
0
0
0
0
0
0
1
1
0
1
1
0
1
1
1
0
1
1
0
0
1
1
1
1
0
0
0
1
1
1
0
0
1
1
2
1
0
1
1
1
1
1
1
1
1
1
0
1
0
1
0
1
1
1
0
3
2
0
0
0
8
0
0
0
1
10
1
0
2
1
4
0
0
0
0
1
0
1
0
0
0
0
0
0
0
0
0
0
0
0
0
0
1
0
0
0
1
0
10
1
1
0
0
1
0
0
2
1
1
0
1
0
0
1
1
0
1
0
2
0
0
0
0
2
0
0
0
0
0
0
2
0
0
0
0
0
0
0
4
0
0
0
0
0
0
0
0
0
1
1
1
1
1
2
2
1
1
0
3
0
0
0
0
1
0
0
0
0
1
0
0
0
0
0
0
0
1
2
1
0
0
1
0
1
0
0
1
1
1
1
0
0
0
1
1
0
0
1
0
1
1
0
0
1
0
0
0
0
0
0
0
0
0
1
0
0
0
1
0
0
0
0
1
1
0
0
0
0
1
0
0
0
0
0
0
0
0
0
1
0
0
0
0
1
0
0
0
0
0
0
0
0
0
0
1
0
0
0
0
2
0
0
0
0
0
0
1
0
0
5
0
1
1
1
3
1
0
2
0
2
0
0
0
1
0
0
0
0
1
0
0
0
0
1
1
1
1
1
1
1
0
0
1
1
1
0
0
1
1
1
1
0
0
1
2
0
0
1
0
1
1
0
1
1
1
0
1
0
0
0
1
2
0
1
0
0
1
2
0
0
50
0
1
0
0
0
0
0
0
0
0
0
0
0
1
0
0
0
0
0
0
1
0
0
1
1
1
1
1
2
1
1
1
0
0
1
1
1
0
1
1
0
1
1
1
1
1
0
1
1
0
1
0
1
0
14
2
3
0
1
2
0
0
0
0
0
0
0
0
1
2
0
1
1
0
0
1
0
0
1
0
0
0
1
0
5
0
0
0
0
2
0
0
0
0
3
1
1
1
1
1
0
0
1
0
1
0
1
1
1
1
0
1
1
0
2
0
0
0
0
0
0
0
0
0
1
1
1
0
1
1
0
1
1
0
1
1
0
1
1
0
1
1
0
0
30
30
29
29
29
28
28
27
27
27
26
26
26
26
25
25
25
25
25
25
24
24
24
24
23
21
20
20
20
18
17
17
17
17
17
17
17
16
15
15
14
14
14
14
14
13
12
12
12
12
10
9
8
8
8
7
7
5
4
4
4
3
1
1
1
1
1
1
0
0
0
0
0
0
0
0
1
0
0
0
0
0
0
0
0
0
0
0
0
0
0
0
0
0
1
1
1
1
1
1
1
1
1
1
1
1
1
1
1
0
0
0
29
29
29
29
29
29
29
29
29
28
28
27
26
26
25
24
24
23
23
22
22
21
20
20
19
17
17
17
16
15
15
15
15
15
15
13
13
13
13
13
13
13
13
13
12
10
9
8
8
7
7
6
5
5
5
4
3
3
3
2
1
1
1
1
1
1
1
1
1
1
1
1
1
1
1
0
0
0
0
0
0
0
0
0
0
0
0
0
0
0
0
0
0
0
0
0
0
0
0
0
0
0
0
0
0
0
0
0
0
0
0
0
0
0
0
0
0
0
0
0
1
1
1
30
30
30
28
27
26
24
23
22
20
20
19
18
18
16
16
15
15
14
14
14
14
13
13
12
11
11
10
10
10
10
10
10
9
9
9
7
7
7
7
7
7
6
4
4
4
3
3
3
3
3
3
3
3
3
3
2
2
2
0
0
0
0
0
0
0
1
1
1
1
1
0
0
0
0
0
0
0
0
0
0
0
0
0
0
0
0
0
0
0
0
0
0
0
0
1
6
1
0
10
7
3
0
12
8
4
1
0
0
1
0
2
1
1
0
1
1
0
2
1
0
0
1
1
1
1
0
0
1
1
1
0
1
0
1
1
0
1
0
1
0
0
0
1
1
1
0
0
0
0
1
7
0
3
1
0
4
0
1
1
1
4
1
1
1
1
0
0
1
1
1
1
0
1
0
0
2
0
1
0
0
0
0
0
0
0
1
0
0
0
2
1
0
1
1
1
1
0
1
0
0
0
0
1
1
1
0
0
0
0
0
1
0
0
0
0
1
0
0
0
2
0
0
0
0
0
1
0
0
0
0
1
0
1
0
0
0
0
0
1
0
0
0
0
0
1
0
0
0
0
0
0
0
0
0
0
0
0
0
0
1
0
0
0
0
1
0
0
0
1
1
1
0
0
0
0
2
0
0
0
0
0
0
0
0
0
0
0
1
1
1
1
8
0
1
1
1
1
1
0
1
0
3
0
1
1
1
1
0
1
1
0
1
1
0
0
0
1
1
0
1
1
0
0
0
0
0
1
0
0
0
1
0
0
0
0
0
0
0
0
0
0
0
0
0
0
0
0
0
0
0
0
1
0
0
0
0
1
1
1
1
1
1
1
0
1
1
1
1
1
0
0
1
0
1
0
0
0
1
0
0
0
2
1
0
0
1
1
0
0
1
1
0
0
0
0
2
1
1
0
0
1
1
0
0
1
0
1
0
0
1
0
1
0
1
0
0
1
0
0
0
0
1
0
0
0
1
0
1
0
0
0
0
0
0
0
0
0
3
0
0
0
1
1
1
1
0
1
1
0
0
0
1
0
0
1
0
0
0
0
0
1
1
2
0
0
0
0
1
0
1
0
3
1
0
1
1
1
0
1
1
0
0
1
1
1
1
2
0
0
0
1
0
1
0
0
0
0
0
0
0
0
5
1
0
0
0
0
0
0
0
0
0
0
0
0
0
0
0
0
0
0
0
0
0
0
0
0
0
0
0
0
0
1
0
0
0
0
0
1
2
1
1
3
1
0
0
1
0
2
0
0
0
0
0
0
0
0
0
0
1
0
1
0
0
0
0
0
0
2
0
0
0
0
0
0
0
0
0
2
0
0
0
0
0
0
0
0
0
0
0
0
0
1
2
1
1
1
1
1
0
0
0
1
0
0
0
1
0
1
0
1
0
0
1
0
0
1
0
0
0
0
1
0
1
0
1
0
0
1
0
1
0
1
0
1
0
1
1
0
1
0
0
1
0
0
0
1
3
1
0
0
0
2
0
0
0
0
2
2
0
0
0
1
0
0
0
1
0
0
0
0
0
0
0
1
1
1
1
1
0
1
0
1
1
0
0
0
1
2
5
0
0
1
1
1
0
0
1
0
1
1
1
1
1
3
1
0
1
0
1
0
0
0
1
2
0
0
0
1
0
0
0
1
2
1
1
0
1
0
1
0
0
0
1
0
0
0
0
0
0
0
0
0
0
1
0
0
0
0
0
0
0
0
1
2
0
0
0
0
0
0
0
0
0
0
0
0
0
0
0
0
0
0
0
0
0
0
0
0
0
1
0
1
1
1
1
0
0
1
0
0
0
0
0
1
0
0
0
0
1
0
0
0
0
2
0
0
0
0
1
0
1
0
0
1
0
0
0
0
0
3
0
0
0
0
0
0
0
0
0
0
0
0
0
0
0
0
0
0
1
1
1
1
1
3
1
1
1
1
1
0
0
2
0
1
1
1
0
0
1
2
0
1
0
1
1
1
0
0
1
0
1
0
1
1
1
0
0
0
4
2
0
1
0
2
0
0
0
0
0
1
0
0
0
0
0
1
0
0
1
1
1
0
0
0
0
0
0
0
0
0
0
0
0
0
0
0
0
0
0
0
0
1
1
1
1
1
0
1
1
2
0
0
1
0
3
1
0
1
1
0
1
0
0
1
3
1
1
0
2
1
4
0
1
0
0
1
1
0
0
0
1
0
0
0
0
1
0
0
0
0
0
0
0
0
0
0
0
0
0
0
0
0
0
0
1
0
0
1
1
2
3
1
1
1
0
0
0
0
0
1
1
1
1
1
0
1
1
1
0
1
1
1
0
1
2
1
0
0
0
1
1
1
1
0
0
1
0
0
1
1
1
1
0
1
0
0
0
1
0
3
0
0
0
0
0
0
0
0
0
0
0
0
0
0
0
0
0
0
0
1
0
0
0
0
0
1
0
0
0
0
0
1
0
0
1
0
4
1
1
1
0
1
0
0
1
0
1
0
0
1
1
1
0
0
0
1
0
0
0
0
0
1
0
0
1
1
1
0
0
1
0
0
0
0
0
1
1
0
0
0
1
1
1
0
0
0
0
0
0
0
0
0
1
1
1
1
1
1
1
1
1
1
2
0
1
0
0
1
1
0
1
0
0
0
1
1
1
0
1
1
1
0
0
0
1
0
1
0
0
1
0
0
0
0
1
1
1
0
2
28
27
27
26
25
24
23
23
22
21
20
19
18
17
16
16
15
14
13
12
12
11
10
9
8
8
7
6
5
5
4
3
2
2
1
0
0
0
0
1
0
0
1
0
0
1
1
1
1
0
1
0
1
1
0
1
1
1
0
1
1
0
0
1
1
1
0
0
1
0
0
1
1
0
1
1
0
0
1
1
0
0
1
1
0
0
0
0
1
0
0
1
0
0
0
1
0
0
0
0
0
0
1
0
0
0
0
29
29
30
29
28
28
27
27
27
26
26
25
24
25
25
24
24
23
23
23
22
22
22
21
21
20
20
20
19
19
19
18
18
17
17
17
16
16
16
15
15
14
14
14
13
13
12
12
12
11
11
11
10
10
9
9
9
8
8
8
7
7
7
6
6
7
5
5
4
4
4
3
3
3
2
2
2
1
1
0
1
0
1
1
0
0
1
1
0
0
1
1
0
0
1
0
0
1
1
0
1
1
0
0
1
1
0
0
0
1
0
0
1
0
0
0
0
0
0
0
1
0
0
0
0
0
0
1
0
0
1
1
1
1
0
1
1
0
1
1
1
0
0
1
1
0
1
1
0
1
1
0
0
1
1
0
0
1
0
0
30
30
29
29
29
28
27
27
27
27
26
26
26
25
25
25
24
24
24
23
23
23
22
22
21
21
22
20
20
19
19
19
18
18
18
17
17
17
16
16
15
15
15
14
14
14
13
13
12
12
12
11
11
11
11
10
10
10
10
9
9
9
8
8
7
7
7
6
6
5
5
5
4
4
4
3
3
2
2
2
1
1
1
0
0
0
0
0
11
7
2
0
11
6
10
7
4
2
1
9
8
2
1
2
0
1
1
0
0
3
2
1
1
0
0
0
1
0
3
1
1
0
2
0
0
0
1
1
0
0
1
0
1
0
1
0
0
0
0
1
0
6
0
0
0
0
0
0
0
0
1
1
0
0
1
0
1
0
0
1
0
8
0
0
0
0
0
0
0
0
0
5
0
0
0
0
3
0
0
0
0
1
2
1
1
1
0
1
0
1
1
1
1
1
1
1
1
1
0
0
1
1
2
1
0
0
7
9
0
8
1
0
13
13
9
1
0
1
1
0
0
1
1
0
1
0
1
0
1
1
1
1
2
0
0
1
0
0
0
0
0
0
0
0
0
0
0
0
0
0
1
3
1
1
1
1
0
0
1
1
2
1
1
0
1
0
0
0
1
1
0
0
0
1
1
1
1
0
1
1
2
1
0
0
1
1
1
2
24
1
0
1
0
0
1
2
1
0
0
0
0
15
27
7
5
13
12
0
2
0
0
0
1
2
0
1
0
6
1
61
121
5
65
125
1
1
0
0
0
0
4
1
1
3
1
0
1
1
0
0
1
1
0
2
0
0
0
0
0
0
0
0
3
0
0
0
1
1
2
0
1
1
0
1
5
1
1
0
1
0
3
3
1
1
1
0
0
1
0
0
0
1
0
1
0
0
0
1
0
0
0
2
0
0
0
0
0
0
0
1
1
1
1
1
1
1
3
1
1
1
0
0
1
1
2
1
0
0
0
1
1
0
0
1
0
0
0
0
0
0
0
0
0
1
0
0
0
0
0
0
3
15
31
91
151
1
1
1
0
0
0
0
1
0
0
1
0
1
0
0
0
0
1
1
0
0
2
0
2
0
0
0
0
0
2
1
1
1
1
0
0
0
0
1
0
0
0
2
0
0
1
0
1
3
1
0
0
1
0
0
0
0
1
1
0
0
0
1
2
1
1
0
1
1
1
0
0
1
1
0
1
0
1
1
0
0
1
0
0
1
0
0
0
0
0
0
1
0
0
0
0
0
0
0
0
0
0
0
0
0
0
2
0
0
0
1
0
1
1
1
1
0
1
0
1
2
0
0
0
